{"target": -8.56490472514324, "params": {"x": -3.084805496211077, "y": 1.2210877103983186}, "datetime": {"datetime": "2024-03-06 08:15:25", "elapsed": 0.0, "delta": 0.0}}
{"target": -2.823563904554045, "params": {"x": -0.6227226099288554, "y": 2.8535858371376923}, "datetime": {"datetime": "2024-03-06 08:15:25", "elapsed": 0.000315, "delta": 0.000315}}
{"target": -17.558205524738515, "params": {"x": 2.7997580811880347, "y": -2.2740739471735836}, "datetime": {"datetime": "2024-03-06 08:15:25", "elapsed": 0.000454, "delta": 0.000139}}
{"target": -8.07206052914609, "params": {"x": -2.235357448569033, "y": 3.0187217753501923}, "datetime": {"datetime": "2024-03-06 08:15:25", "elapsed": 0.000511, "delta": 5.7e-05}}
{"target": -27.603048630943732, "params": {"x": 4.5813935368370515, "y": 3.759326347420947}, "datetime": {"datetime": "2024-03-06 08:15:25", "elapsed": 0.000558, "delta": 4.7e-05}}
{"target": 0.7269959740235783, "params": {"x": -0.3231151126402322, "y": 0.5893899051899578}, "datetime": {"datetime": "2024-03-06 08:15:25", "elapsed": 0.068071, "delta": 0.067513}}
{"target": -19.951170442333865, "params": {"x": -2.3632561307032462, "y": -2.919973329377049}, "datetime": {"datetime": "2024-03-06 08:15:25", "elapsed": 0.133434, "delta": 0.065363}}
{"target": -0.36936412519585105, "params": {"x": 1.0960209938610568, "y": 1.4100025685427742}, "datetime": {"datetime": "2024-03-06 08:15:25", "elapsed": 0.17064, "delta": 0.037206}}
{"target": -40.0, "params": {"x": -5.0, "y": 5.0}, "datetime": {"datetime": "2024-03-06 08:15:25", "elapsed": 0.213859, "delta": 0.043219}}
{"target": -60.0, "params": {"x": 5.0, "y": -5.0}, "datetime": {"datetime": "2024-03-06 08:15:25", "elapsed": 0.296741, "delta": 0.082882}}
