{"target": -8.56490472514324, "params": {"x": -3.084805496211077, "y": 1.2210877103983186}, "datetime": {"datetime": "2024-03-04 15:50:49", "elapsed": 0.0, "delta": 0.0}}
{"target": -2.823563904554045, "params": {"x": -0.6227226099288554, "y": 2.8535858371376923}, "datetime": {"datetime": "2024-03-04 15:50:49", "elapsed": 0.000135, "delta": 0.000135}}
{"target": -17.558205524738515, "params": {"x": 2.7997580811880347, "y": -2.2740739471735836}, "datetime": {"datetime": "2024-03-04 15:50:49", "elapsed": 0.000199, "delta": 6.4e-05}}
{"target": -8.07206052914609, "params": {"x": -2.235357448569033, "y": 3.0187217753501923}, "datetime": {"datetime": "2024-03-04 15:50:49", "elapsed": 0.000246, "delta": 4.7e-05}}
{"target": -27.603048630943732, "params": {"x": 4.5813935368370515, "y": 3.759326347420947}, "datetime": {"datetime": "2024-03-04 15:50:49", "elapsed": 0.000284, "delta": 3.8e-05}}
{"target": 0.7269959740235783, "params": {"x": -0.3231151126402322, "y": 0.5893899051899578}, "datetime": {"datetime": "2024-03-04 15:50:49", "elapsed": 0.000322, "delta": 3.8e-05}}
{"target": -19.951170442333865, "params": {"x": -2.3632561307032462, "y": -2.919973329377049}, "datetime": {"datetime": "2024-03-04 15:50:49", "elapsed": 0.000359, "delta": 3.7e-05}}
{"target": -0.36936412519585105, "params": {"x": 1.0960209938610568, "y": 1.4100025685427742}, "datetime": {"datetime": "2024-03-04 15:50:49", "elapsed": 0.000392, "delta": 3.3e-05}}
{"target": -40.0, "params": {"x": -5.0, "y": 5.0}, "datetime": {"datetime": "2024-03-04 15:50:49", "elapsed": 0.000494, "delta": 0.000102}}
{"target": -60.0, "params": {"x": 5.0, "y": -5.0}, "datetime": {"datetime": "2024-03-04 15:50:49", "elapsed": 0.00055, "delta": 5.6e-05}}
{"target": -2.550853565372032, "params": {"x": 0.988044204714051, "y": -0.6045629357875031}, "datetime": {"datetime": "2024-03-04 15:50:49", "elapsed": 0.042024, "delta": 0.041474}}
{"target": -0.22679193041776502, "params": {"x": -0.9369769247307954, "y": 1.5906489422150745}, "datetime": {"datetime": "2024-03-04 15:50:50", "elapsed": 0.095775, "delta": 0.053751}}
{"target": 0.9067547646787619, "params": {"x": 0.17394273374522656, "y": 1.2509764146259073}, "datetime": {"datetime": "2024-03-04 15:50:50", "elapsed": 0.137968, "delta": 0.042193}}
{"target": -3.4434160583752664, "params": {"x": 2.0, "y": 0.3341050695678287}, "datetime": {"datetime": "2024-03-04 15:50:50", "elapsed": 0.233123, "delta": 0.095155}}
{"target": 0.561100880392433, "params": {"x": 0.5395819422748968, "y": 0.6156167964408213}, "datetime": {"datetime": "2024-03-04 15:50:50", "elapsed": 0.298377, "delta": 0.065254}}
{"target": 0.9664699152002147, "params": {"x": -0.18268812112506824, "y": 1.012455328160175}, "datetime": {"datetime": "2024-03-04 15:50:50", "elapsed": 0.380075, "delta": 0.081698}}
{"target": 0.9751802619282551, "params": {"x": 0.08562144767479311, "y": 0.8677551295141565}, "datetime": {"datetime": "2024-03-04 15:50:50", "elapsed": 0.444401, "delta": 0.064326}}
{"target": 0.9974451468855708, "params": {"x": 0.047167907474172856, "y": 1.0181670476120097}, "datetime": {"datetime": "2024-03-04 15:50:50", "elapsed": 0.56191, "delta": 0.117509}}
{"target": 0.9584322086392365, "params": {"x": 0.20337121169377118, "y": 1.0144201808230981}, "datetime": {"datetime": "2024-03-04 15:50:50", "elapsed": 0.678107, "delta": 0.116197}}
{"target": 0.9992261179001795, "params": {"x": -0.020554022808855002, "y": 1.0187460461482853}, "datetime": {"datetime": "2024-03-04 15:50:50", "elapsed": 0.802444, "delta": 0.124337}}
