{"target": -1.1363334, "params": {"x": -0.8297799529742598, "y": 2.2032449344215808}, "datetime": {"datetime": "2024-03-06 08:17:39", "elapsed": 0.0, "delta": 0.0}}
{"target": -32.8491494, "params": {"x": -4.998856251826551, "y": -1.9766742736816023}, "datetime": {"datetime": "2024-03-06 08:17:40", "elapsed": 1.095028, "delta": 1.095028}}
{"target": -37.2501491, "params": {"x": -3.5324410918288693, "y": -4.0766140523120225}, "datetime": {"datetime": "2024-03-06 08:17:41", "elapsed": 2.355289, "delta": 1.260261}}
{"target": -15.3172019, "params": {"x": -3.137397886223291, "y": -1.5443927295695223}, "datetime": {"datetime": "2024-03-06 08:17:42", "elapsed": 3.571626, "delta": 1.216337}}
{"target": -0.4400345, "params": {"x": -1.0323252576933006, "y": 0.38816734003356945}, "datetime": {"datetime": "2024-03-06 08:17:43", "elapsed": 4.728504, "delta": 1.156878}}
{"target": -0.3791892, "params": {"x": -0.8080548559670522, "y": 1.8521950039675952}, "datetime": {"datetime": "2024-03-06 08:17:44", "elapsed": 5.862302, "delta": 1.133798}}
{"target": -15.469779, "params": {"x": -2.9554775026848255, "y": 3.7811743639094537}, "datetime": {"datetime": "2024-03-06 08:17:46", "elapsed": 7.324249, "delta": 1.461947}}
{"target": -21.8328149, "params": {"x": -4.726124068020738, "y": 1.704675101784022}, "datetime": {"datetime": "2024-03-06 08:17:47", "elapsed": 8.666723, "delta": 1.342474}}
{"target": 0.1454971, "params": {"x": -0.8269519763287301, "y": 0.5868982844575168}, "datetime": {"datetime": "2024-03-06 08:17:48", "elapsed": 9.755769, "delta": 1.089046}}
{"target": -28.0843986, "params": {"x": -3.596130614047662, "y": -3.0189851091512123}, "datetime": {"datetime": "2024-03-06 08:17:50", "elapsed": 11.167657, "delta": 1.411888}}
