{"target": -1.1363334, "params": {"x": -0.8297799529742598, "y": 2.2032449344215808}, "datetime": {"datetime": "2024-03-06 08:17:39", "elapsed": 0.0, "delta": 0.0}}
{"target": -32.8491494, "params": {"x": -4.998856251826551, "y": -1.9766742736816023}, "datetime": {"datetime": "2024-03-06 08:17:40", "elapsed": 1.095028, "delta": 1.095028}}
{"target": -37.2501491, "params": {"x": -3.5324410918288693, "y": -4.0766140523120225}, "datetime": {"datetime": "2024-03-06 08:17:41", "elapsed": 2.355289, "delta": 1.260261}}
{"target": -15.3172019, "params": {"x": -3.137397886223291, "y": -1.5443927295695223}, "datetime": {"datetime": "2024-03-06 08:17:42", "elapsed": 3.571626, "delta": 1.216337}}
{"target": -0.4400345, "params": {"x": -1.0323252576933006, "y": 0.38816734003356945}, "datetime": {"datetime": "2024-03-06 08:17:43", "elapsed": 4.728504, "delta": 1.156878}}
{"target": -0.3791892, "params": {"x": -0.8080548559670522, "y": 1.8521950039675952}, "datetime": {"datetime": "2024-03-06 08:17:44", "elapsed": 5.862302, "delta": 1.133798}}
{"target": -15.469779, "params": {"x": -2.9554775026848255, "y": 3.7811743639094537}, "datetime": {"datetime": "2024-03-06 08:17:46", "elapsed": 7.324249, "delta": 1.461947}}
{"target": -21.8328149, "params": {"x": -4.726124068020738, "y": 1.704675101784022}, "datetime": {"datetime": "2024-03-06 08:17:47", "elapsed": 8.666723, "delta": 1.342474}}
{"target": 0.1454971, "params": {"x": -0.8269519763287301, "y": 0.5868982844575168}, "datetime": {"datetime": "2024-03-06 08:17:48", "elapsed": 9.755769, "delta": 1.089046}}
{"target": -28.0843986, "params": {"x": -3.596130614047662, "y": -3.0189851091512123}, "datetime": {"datetime": "2024-03-06 08:17:50", "elapsed": 11.167657, "delta": 1.411888}}
{"target": -32.3657381, "params": {"x": -0.6400509785799624, "y": -4.740737681721087}, "datetime": {"datetime": "2024-03-06 08:17:39", "elapsed": 0.0, "delta": 0.0}}
{"target": -1.9585076, "params": {"x": 0.49662477878709144, "y": -0.6467760738172315}, "datetime": {"datetime": "2024-03-06 08:17:40", "elapsed": 1.087886, "delta": 1.087886}}
{"target": -6.9060607, "params": {"x": -0.7963219791251097, "y": -1.6966517899612588}, "datetime": {"datetime": "2024-03-06 08:17:41", "elapsed": 2.356345, "delta": 1.268459}}
{"target": -7.7603821, "params": {"x": -2.953513659621575, "y": 1.192709663506637}, "datetime": {"datetime": "2024-03-06 08:17:42", "elapsed": 3.548239, "delta": 1.191894}}
{"target": -14.1142287, "params": {"x": -2.0034532632547686, "y": -2.3317272489713337}, "datetime": {"datetime": "2024-03-06 08:17:43", "elapsed": 4.664368, "delta": 1.116129}}
{"target": -0.9694239, "params": {"x": 1.2113383276929488, "y": 0.2914209427703902}, "datetime": {"datetime": "2024-03-06 08:17:44", "elapsed": 5.839654, "delta": 1.175286}}
{"target": -13.1000594, "params": {"x": -3.6542005465506646, "y": 0.13578121265746468}, "datetime": {"datetime": "2024-03-06 08:17:45", "elapsed": 6.938242, "delta": 1.098588}}
{"target": -12.3927276, "params": {"x": -3.155601343530847, "y": 2.8533514781667346}, "datetime": {"datetime": "2024-03-06 08:17:47", "elapsed": 8.04539, "delta": 1.107148}}
{"target": -12.6484367, "params": {"x": 3.539752926394888, "y": -0.05763162618072215}, "datetime": {"datetime": "2024-03-06 08:17:48", "elapsed": 9.174269, "delta": 1.128879}}
{"target": -38.0873679, "params": {"x": 3.46561485357468, "y": -4.20354522990939}, "datetime": {"datetime": "2024-03-06 08:17:49", "elapsed": 10.651325, "delta": 1.477056}}
{"target": -0.4276373, "params": {"x": 0.5079790257457546, "y": 2.081478226181048}, "datetime": {"datetime": "2024-03-06 08:17:39", "elapsed": 0.0, "delta": 0.0}}
{"target": -4.1672561, "params": {"x": -2.0909526108705565, "y": 0.10827605197663015}, "datetime": {"datetime": "2024-03-06 08:17:40", "elapsed": 1.082447, "delta": 1.082447}}
{"target": -23.2196946, "params": {"x": 3.9294695434765465, "y": 3.9629308893343804}, "datetime": {"datetime": "2024-03-06 08:17:41", "elapsed": 2.299479, "delta": 1.217032}}
{"target": -28.4444507, "params": {"x": -3.7441468953616375, "y": -2.9275712186181324}, "datetime": {"datetime": "2024-03-06 08:17:42", "elapsed": 3.559896, "delta": 1.260417}}
{"target": -21.6523192, "params": {"x": -4.485327966991701, "y": -0.5919015634936358}, "datetime": {"datetime": "2024-03-06 08:17:43", "elapsed": 4.665432, "delta": 1.105536}}
{"target": -23.151312, "params": {"x": -4.701237891214331, "y": -0.43166775605288876}, "datetime": {"datetime": "2024-03-06 08:17:44", "elapsed": 5.840461, "delta": 1.175029}}
{"target": -11.5614349, "params": {"x": 1.4914404761476074, "y": -2.215127173520247}, "datetime": {"datetime": "2024-03-06 08:17:45", "elapsed": 6.932046, "delta": 1.091585}}
{"target": -2.1149278, "params": {"x": 1.7625490198013125, "y": 0.9086281741635087}, "datetime": {"datetime": "2024-03-06 08:17:47", "elapsed": 8.049968, "delta": 1.117922}}
{"target": -21.8286217, "params": {"x": -4.760181176228347, "y": 0.5885408799088196}, "datetime": {"datetime": "2024-03-06 08:17:48", "elapsed": 9.176712, "delta": 1.126744}}
{"target": -8.2146973, "params": {"x": -2.407475530925346, "y": -0.8489880298993038}, "datetime": {"datetime": "2024-03-06 08:17:49", "elapsed": 10.563298, "delta": 1.386586}}
