{"target": -32.3657381, "params": {"x": -0.6400509785799624, "y": -4.740737681721087}, "datetime": {"datetime": "2024-03-04 16:09:23", "elapsed": 0.0, "delta": 0.0}}
{"target": -1.9585076, "params": {"x": 0.49662477878709144, "y": -0.6467760738172315}, "datetime": {"datetime": "2024-03-04 16:09:24", "elapsed": 1.313668, "delta": 1.313668}}
{"target": -6.9060607, "params": {"x": -0.7963219791251097, "y": -1.6966517899612588}, "datetime": {"datetime": "2024-03-04 16:09:26", "elapsed": 2.625328, "delta": 1.31166}}
{"target": -7.7603821, "params": {"x": -2.953513659621575, "y": 1.192709663506637}, "datetime": {"datetime": "2024-03-04 16:09:27", "elapsed": 3.948432, "delta": 1.323104}}
{"target": -14.1142287, "params": {"x": -2.0034532632547686, "y": -2.3317272489713337}, "datetime": {"datetime": "2024-03-04 16:09:28", "elapsed": 5.25978, "delta": 1.311348}}
{"target": -0.9694239, "params": {"x": 1.2113383276929488, "y": 0.2914209427703902}, "datetime": {"datetime": "2024-03-04 16:09:29", "elapsed": 6.331715, "delta": 1.071935}}
{"target": -13.1000594, "params": {"x": -3.6542005465506646, "y": 0.13578121265746468}, "datetime": {"datetime": "2024-03-04 16:09:31", "elapsed": 7.648292, "delta": 1.316577}}
{"target": -12.3927276, "params": {"x": -3.155601343530847, "y": 2.8533514781667346}, "datetime": {"datetime": "2024-03-04 16:09:32", "elapsed": 8.967446, "delta": 1.319154}}
{"target": -12.6484367, "params": {"x": 3.539752926394888, "y": -0.05763162618072215}, "datetime": {"datetime": "2024-03-04 16:09:33", "elapsed": 10.041482, "delta": 1.074036}}
{"target": -38.0873679, "params": {"x": 3.46561485357468, "y": -4.20354522990939}, "datetime": {"datetime": "2024-03-04 16:09:34", "elapsed": 11.367956, "delta": 1.326474}}
