{"target": -0.4276373, "params": {"x": 0.5079790257457546, "y": 2.081478226181048}, "datetime": {"datetime": "2024-03-06 08:17:39", "elapsed": 0.0, "delta": 0.0}}
{"target": -4.1672561, "params": {"x": -2.0909526108705565, "y": 0.10827605197663015}, "datetime": {"datetime": "2024-03-06 08:17:40", "elapsed": 1.082447, "delta": 1.082447}}
{"target": -23.2196946, "params": {"x": 3.9294695434765465, "y": 3.9629308893343804}, "datetime": {"datetime": "2024-03-06 08:17:41", "elapsed": 2.299479, "delta": 1.217032}}
{"target": -28.4444507, "params": {"x": -3.7441468953616375, "y": -2.9275712186181324}, "datetime": {"datetime": "2024-03-06 08:17:42", "elapsed": 3.559896, "delta": 1.260417}}
{"target": -21.6523192, "params": {"x": -4.485327966991701, "y": -0.5919015634936358}, "datetime": {"datetime": "2024-03-06 08:17:43", "elapsed": 4.665432, "delta": 1.105536}}
{"target": -23.151312, "params": {"x": -4.701237891214331, "y": -0.43166775605288876}, "datetime": {"datetime": "2024-03-06 08:17:44", "elapsed": 5.840461, "delta": 1.175029}}
{"target": -11.5614349, "params": {"x": 1.4914404761476074, "y": -2.215127173520247}, "datetime": {"datetime": "2024-03-06 08:17:45", "elapsed": 6.932046, "delta": 1.091585}}
{"target": -2.1149278, "params": {"x": 1.7625490198013125, "y": 0.9086281741635087}, "datetime": {"datetime": "2024-03-06 08:17:47", "elapsed": 8.049968, "delta": 1.117922}}
{"target": -21.8286217, "params": {"x": -4.760181176228347, "y": 0.5885408799088196}, "datetime": {"datetime": "2024-03-06 08:17:48", "elapsed": 9.176712, "delta": 1.126744}}
{"target": -8.2146973, "params": {"x": -2.407475530925346, "y": -0.8489880298993038}, "datetime": {"datetime": "2024-03-06 08:17:49", "elapsed": 10.563298, "delta": 1.386586}}
