{"target": -1.1363334, "params": {"x": -0.8297799529742598, "y": 2.2032449344215808}, "datetime": {"datetime": "2024-03-04 16:09:35", "elapsed": 0.0, "delta": 0.0}}
{"target": -32.8491494, "params": {"x": -4.998856251826551, "y": -1.9766742736816023}, "datetime": {"datetime": "2024-03-04 16:09:35", "elapsed": 0.000137, "delta": 0.000137}}
{"target": -37.2501491, "params": {"x": -3.5324410918288693, "y": -4.0766140523120225}, "datetime": {"datetime": "2024-03-04 16:09:35", "elapsed": 0.000239, "delta": 0.000102}}
{"target": -15.3172019, "params": {"x": -3.137397886223291, "y": -1.5443927295695223}, "datetime": {"datetime": "2024-03-04 16:09:35", "elapsed": 0.000297, "delta": 5.8e-05}}
{"target": -0.4400345, "params": {"x": -1.0323252576933006, "y": 0.38816734003356945}, "datetime": {"datetime": "2024-03-04 16:09:35", "elapsed": 0.000344, "delta": 4.7e-05}}
{"target": -0.3791892, "params": {"x": -0.8080548559670522, "y": 1.8521950039675952}, "datetime": {"datetime": "2024-03-04 16:09:35", "elapsed": 0.000385, "delta": 4.1e-05}}
{"target": -15.469779, "params": {"x": -2.9554775026848255, "y": 3.7811743639094537}, "datetime": {"datetime": "2024-03-04 16:09:35", "elapsed": 0.00042, "delta": 3.5e-05}}
{"target": -21.8328149, "params": {"x": -4.726124068020738, "y": 1.704675101784022}, "datetime": {"datetime": "2024-03-04 16:09:35", "elapsed": 0.000454, "delta": 3.4e-05}}
{"target": 0.1454971, "params": {"x": -0.8269519763287301, "y": 0.5868982844575168}, "datetime": {"datetime": "2024-03-04 16:09:35", "elapsed": 0.00057, "delta": 0.000116}}
{"target": -28.0843986, "params": {"x": -3.596130614047662, "y": -3.0189851091512123}, "datetime": {"datetime": "2024-03-04 16:09:35", "elapsed": 0.000609, "delta": 3.9e-05}}
{"target": -32.3657381, "params": {"x": -0.6400509785799624, "y": -4.740737681721087}, "datetime": {"datetime": "2024-03-04 16:09:35", "elapsed": 0.000644, "delta": 3.5e-05}}
{"target": -1.9585076, "params": {"x": 0.49662477878709144, "y": -0.6467760738172315}, "datetime": {"datetime": "2024-03-04 16:09:35", "elapsed": 0.000683, "delta": 3.9e-05}}
{"target": -6.9060607, "params": {"x": -0.7963219791251097, "y": -1.6966517899612588}, "datetime": {"datetime": "2024-03-04 16:09:35", "elapsed": 0.000723, "delta": 4e-05}}
{"target": -7.7603821, "params": {"x": -2.953513659621575, "y": 1.192709663506637}, "datetime": {"datetime": "2024-03-04 16:09:35", "elapsed": 0.000762, "delta": 3.9e-05}}
{"target": -14.1142287, "params": {"x": -2.0034532632547686, "y": -2.3317272489713337}, "datetime": {"datetime": "2024-03-04 16:09:35", "elapsed": 0.000798, "delta": 3.6e-05}}
{"target": -0.9694239, "params": {"x": 1.2113383276929488, "y": 0.2914209427703902}, "datetime": {"datetime": "2024-03-04 16:09:35", "elapsed": 0.000833, "delta": 3.5e-05}}
{"target": -13.1000594, "params": {"x": -3.6542005465506646, "y": 0.13578121265746468}, "datetime": {"datetime": "2024-03-04 16:09:35", "elapsed": 0.000873, "delta": 4e-05}}
{"target": -12.3927276, "params": {"x": -3.155601343530847, "y": 2.8533514781667346}, "datetime": {"datetime": "2024-03-04 16:09:35", "elapsed": 0.000911, "delta": 3.8e-05}}
{"target": -12.6484367, "params": {"x": 3.539752926394888, "y": -0.05763162618072215}, "datetime": {"datetime": "2024-03-04 16:09:35", "elapsed": 0.000946, "delta": 3.5e-05}}
{"target": -38.0873679, "params": {"x": 3.46561485357468, "y": -4.20354522990939}, "datetime": {"datetime": "2024-03-04 16:09:35", "elapsed": 0.00098, "delta": 3.4e-05}}
{"target": -0.4276373, "params": {"x": 0.5079790257457546, "y": 2.081478226181048}, "datetime": {"datetime": "2024-03-04 16:09:35", "elapsed": 0.001019, "delta": 3.9e-05}}
{"target": -4.1672561, "params": {"x": -2.0909526108705565, "y": 0.10827605197663015}, "datetime": {"datetime": "2024-03-04 16:09:35", "elapsed": 0.001057, "delta": 3.8e-05}}
{"target": -23.2196946, "params": {"x": 3.9294695434765465, "y": 3.9629308893343804}, "datetime": {"datetime": "2024-03-04 16:09:35", "elapsed": 0.001094, "delta": 3.7e-05}}
{"target": -28.4444507, "params": {"x": -3.7441468953616375, "y": -2.9275712186181324}, "datetime": {"datetime": "2024-03-04 16:09:35", "elapsed": 0.00113, "delta": 3.6e-05}}
{"target": -21.6523192, "params": {"x": -4.485327966991701, "y": -0.5919015634936358}, "datetime": {"datetime": "2024-03-04 16:09:35", "elapsed": 0.001202, "delta": 7.2e-05}}
{"target": -23.151312, "params": {"x": -4.701237891214331, "y": -0.43166775605288876}, "datetime": {"datetime": "2024-03-04 16:09:35", "elapsed": 0.001364, "delta": 0.000162}}
{"target": -11.5614349, "params": {"x": 1.4914404761476074, "y": -2.215127173520247}, "datetime": {"datetime": "2024-03-04 16:09:35", "elapsed": 0.00142, "delta": 5.6e-05}}
{"target": -2.1149278, "params": {"x": 1.7625490198013125, "y": 0.9086281741635087}, "datetime": {"datetime": "2024-03-04 16:09:35", "elapsed": 0.001466, "delta": 4.6e-05}}
{"target": -21.8286217, "params": {"x": -4.760181176228347, "y": 0.5885408799088196}, "datetime": {"datetime": "2024-03-04 16:09:35", "elapsed": 0.001515, "delta": 4.9e-05}}
{"target": -8.2146973, "params": {"x": -2.407475530925346, "y": -0.8489880298993038}, "datetime": {"datetime": "2024-03-04 16:09:35", "elapsed": 0.001559, "delta": 4.4e-05}}
{"target": 0.9604213, "params": {"x": 0.19514552349484832, "y": 1.0386881478224697}, "datetime": {"datetime": "2024-03-04 16:09:37", "elapsed": 1.405158, "delta": 1.403599}}
{"target": 0.9562076, "params": {"x": -0.11533649001064077, "y": 1.1746136457563991}, "datetime": {"datetime": "2024-03-04 16:09:38", "elapsed": 2.816352, "delta": 1.411194}}
{"target": 0.9612432, "params": {"x": -0.03138325909023561, "y": 0.805649519981122}, "datetime": {"datetime": "2024-03-04 16:09:39", "elapsed": 4.011858, "delta": 1.195506}}
{"target": 0.9992795, "params": {"x": -0.026672607696693797, "y": 0.9969955406147102}, "datetime": {"datetime": "2024-03-04 16:09:41", "elapsed": 5.477941, "delta": 1.466083}}
{"target": 0.9998412, "params": {"x": -0.012580313640358274, "y": 1.0007245140130308}, "datetime": {"datetime": "2024-03-04 16:09:42", "elapsed": 6.998164, "delta": 1.520223}}
